{"uuid": "6ca5d283-027a-4afc-b6db-1487b4b649b5", "children": ["89e53680-950f-46d3-8f63-0353d4231907"], "befores": [{"name": "authorization", "status": "broken", "statusDetails": {"message": "selenium.common.exceptions.WebDriverException: Message: TypeError: browsingContext.currentWindowGlobal is null\nStacktrace:\ngetMarionetteCommandsActorProxy/get/<@chrome://remote/content/marionette/actors/MarionetteCommandsParent.sys.mjs:410:17\n\n", "trace": "  File \"C:\\Users\\apichugina\\PycharmProjects\\practicum.yandex\\Diplom\\Diplom_3\\.venv\\lib\\site-packages\\pluggy\\_callers.py\", line 167, in _multicall\n    teardown.throw(outcome._exception)\n  File \"C:\\Users\\apichugina\\PycharmProjects\\practicum.yandex\\Diplom\\Diplom_3\\.venv\\lib\\site-packages\\_pytest\\setuponly.py\", line 36, in pytest_fixture_setup\n    return (yield)\n  File \"C:\\Users\\apichugina\\PycharmProjects\\practicum.yandex\\Diplom\\Diplom_3\\.venv\\lib\\site-packages\\pluggy\\_callers.py\", line 103, in _multicall\n    res = hook_impl.function(*args)\n  File \"C:\\Users\\apichugina\\PycharmProjects\\practicum.yandex\\Diplom\\Diplom_3\\.venv\\lib\\site-packages\\_pytest\\fixtures.py\", line 1140, in pytest_fixture_setup\n    result = call_fixture_func(fixturefunc, request, kwargs)\n  File \"C:\\Users\\apichugina\\PycharmProjects\\practicum.yandex\\Diplom\\Diplom_3\\.venv\\lib\\site-packages\\_pytest\\fixtures.py\", line 898, in call_fixture_func\n    fixture_result = fixturefunc(**kwargs)\n  File \"C:\\Users\\apichugina\\PycharmProjects\\practicum.yandex\\Diplom\\Diplom_3\\tests\\conftest.py\", line 47, in authorization\n    login_page.check_order()\n  File \"C:\\Users\\apichugina\\PycharmProjects\\practicum.yandex\\Diplom\\Diplom_3\\.venv\\lib\\site-packages\\allure_commons\\_allure.py\", line 192, in impl\n    return func(*a, **kw)\n  File \"C:\\Users\\apichugina\\PycharmProjects\\practicum.yandex\\Diplom\\Diplom_3\\page\\login_page.py\", line 34, in check_order\n    return self.wait_and_find_element(PLACE_ORDER_BUTTON)\n  File \"C:\\Users\\apichugina\\PycharmProjects\\practicum.yandex\\Diplom\\Diplom_3\\.venv\\lib\\site-packages\\allure_commons\\_allure.py\", line 192, in impl\n    return func(*a, **kw)\n  File \"C:\\Users\\apichugina\\PycharmProjects\\practicum.yandex\\Diplom\\Diplom_3\\page\\main_page.py\", line 25, in wait_and_find_element\n    WebDriverWait(self.driver, 200).until(\n  File \"C:\\Users\\apichugina\\PycharmProjects\\practicum.yandex\\Diplom\\Diplom_3\\.venv\\lib\\site-packages\\selenium\\webdriver\\support\\wait.py\", line 96, in until\n    value = method(self._driver)\n  File \"C:\\Users\\apichugina\\PycharmProjects\\practicum.yandex\\Diplom\\Diplom_3\\.venv\\lib\\site-packages\\selenium\\webdriver\\support\\expected_conditions.py\", line 363, in _predicate\n    target = driver.find_element(*target)  # grab element at locator\n  File \"C:\\Users\\apichugina\\PycharmProjects\\practicum.yandex\\Diplom\\Diplom_3\\.venv\\lib\\site-packages\\selenium\\webdriver\\remote\\webdriver.py\", line 748, in find_element\n    return self.execute(Command.FIND_ELEMENT, {\"using\": by, \"value\": value})[\"value\"]\n  File \"C:\\Users\\apichugina\\PycharmProjects\\practicum.yandex\\Diplom\\Diplom_3\\.venv\\lib\\site-packages\\selenium\\webdriver\\remote\\webdriver.py\", line 354, in execute\n    self.error_handler.check_response(response)\n  File \"C:\\Users\\apichugina\\PycharmProjects\\practicum.yandex\\Diplom\\Diplom_3\\.venv\\lib\\site-packages\\selenium\\webdriver\\remote\\errorhandler.py\", line 229, in check_response\n    raise exception_class(message, screen, stacktrace)\n"}, "steps": [{"name": "Открыть страницу Войти", "status": "passed", "steps": [{"name": "Ждать исчезновения элемента", "status": "passed", "parameters": [{"name": "locator", "value": "('xpath', '//div[contains(@class,\"Modal_modal__loading__\")]')"}], "start": 1738325601503, "stop": 1738325604533}], "start": 1738325600821, "stop": 1738325604533}, {"name": "# Заполнить поле Email", "status": "passed", "steps": [{"name": "Получить кликабельный элемент", "status": "passed", "parameters": [{"name": "locator", "value": "('xpath', '//input[@name=\"name\"]')"}], "start": 1738325604533, "stop": 1738325604572}], "parameters": [{"name": "email", "value": "'steven57@example.net'"}], "start": 1738325604533, "stop": 1738325604622}, {"name": "Заполнить поле Пароль", "status": "passed", "steps": [{"name": "Получить кликабельный элемент", "status": "passed", "parameters": [{"name": "locator", "value": "('xpath', '//input[@type=\"password\"]')"}], "start": 1738325604622, "stop": 1738325604633}], "parameters": [{"name": "password", "value": "'%_9WNZnuma'"}], "start": 1738325604622, "stop": 1738325604652}, {"name": "Нажать кнопку Войти", "status": "passed", "steps": [{"name": "Получить кликабельный элемент", "status": "passed", "parameters": [{"name": "locator", "value": "('xpath', '//button[contains(text(),\"Войти\")]')"}], "start": 1738325604652, "stop": 1738325604662}], "start": 1738325604652, "stop": 1738325604893}, {"name": "Ожидание кнопки Оформить заказ", "status": "broken", "statusDetails": {"message": "selenium.common.exceptions.WebDriverException: Message: TypeError: browsingContext.currentWindowGlobal is null\nStacktrace:\ngetMarionetteCommandsActorProxy/get/<@chrome://remote/content/marionette/actors/MarionetteCommandsParent.sys.mjs:410:17\n\n", "trace": "  File \"C:\\Users\\apichugina\\PycharmProjects\\practicum.yandex\\Diplom\\Diplom_3\\.venv\\lib\\site-packages\\allure_commons\\_allure.py\", line 192, in impl\n    return func(*a, **kw)\n  File \"C:\\Users\\apichugina\\PycharmProjects\\practicum.yandex\\Diplom\\Diplom_3\\page\\login_page.py\", line 34, in check_order\n    return self.wait_and_find_element(PLACE_ORDER_BUTTON)\n  File \"C:\\Users\\apichugina\\PycharmProjects\\practicum.yandex\\Diplom\\Diplom_3\\.venv\\lib\\site-packages\\allure_commons\\_allure.py\", line 192, in impl\n    return func(*a, **kw)\n  File \"C:\\Users\\apichugina\\PycharmProjects\\practicum.yandex\\Diplom\\Diplom_3\\page\\main_page.py\", line 25, in wait_and_find_element\n    WebDriverWait(self.driver, 200).until(\n  File \"C:\\Users\\apichugina\\PycharmProjects\\practicum.yandex\\Diplom\\Diplom_3\\.venv\\lib\\site-packages\\selenium\\webdriver\\support\\wait.py\", line 96, in until\n    value = method(self._driver)\n  File \"C:\\Users\\apichugina\\PycharmProjects\\practicum.yandex\\Diplom\\Diplom_3\\.venv\\lib\\site-packages\\selenium\\webdriver\\support\\expected_conditions.py\", line 363, in _predicate\n    target = driver.find_element(*target)  # grab element at locator\n  File \"C:\\Users\\apichugina\\PycharmProjects\\practicum.yandex\\Diplom\\Diplom_3\\.venv\\lib\\site-packages\\selenium\\webdriver\\remote\\webdriver.py\", line 748, in find_element\n    return self.execute(Command.FIND_ELEMENT, {\"using\": by, \"value\": value})[\"value\"]\n  File \"C:\\Users\\apichugina\\PycharmProjects\\practicum.yandex\\Diplom\\Diplom_3\\.venv\\lib\\site-packages\\selenium\\webdriver\\remote\\webdriver.py\", line 354, in execute\n    self.error_handler.check_response(response)\n  File \"C:\\Users\\apichugina\\PycharmProjects\\practicum.yandex\\Diplom\\Diplom_3\\.venv\\lib\\site-packages\\selenium\\webdriver\\remote\\errorhandler.py\", line 229, in check_response\n    raise exception_class(message, screen, stacktrace)\n"}, "steps": [{"name": "Получить кликабельный элемент", "status": "broken", "statusDetails": {"message": "selenium.common.exceptions.WebDriverException: Message: TypeError: browsingContext.currentWindowGlobal is null\nStacktrace:\ngetMarionetteCommandsActorProxy/get/<@chrome://remote/content/marionette/actors/MarionetteCommandsParent.sys.mjs:410:17\n\n", "trace": "  File \"C:\\Users\\apichugina\\PycharmProjects\\practicum.yandex\\Diplom\\Diplom_3\\.venv\\lib\\site-packages\\allure_commons\\_allure.py\", line 192, in impl\n    return func(*a, **kw)\n  File \"C:\\Users\\apichugina\\PycharmProjects\\practicum.yandex\\Diplom\\Diplom_3\\page\\main_page.py\", line 25, in wait_and_find_element\n    WebDriverWait(self.driver, 200).until(\n  File \"C:\\Users\\apichugina\\PycharmProjects\\practicum.yandex\\Diplom\\Diplom_3\\.venv\\lib\\site-packages\\selenium\\webdriver\\support\\wait.py\", line 96, in until\n    value = method(self._driver)\n  File \"C:\\Users\\apichugina\\PycharmProjects\\practicum.yandex\\Diplom\\Diplom_3\\.venv\\lib\\site-packages\\selenium\\webdriver\\support\\expected_conditions.py\", line 363, in _predicate\n    target = driver.find_element(*target)  # grab element at locator\n  File \"C:\\Users\\apichugina\\PycharmProjects\\practicum.yandex\\Diplom\\Diplom_3\\.venv\\lib\\site-packages\\selenium\\webdriver\\remote\\webdriver.py\", line 748, in find_element\n    return self.execute(Command.FIND_ELEMENT, {\"using\": by, \"value\": value})[\"value\"]\n  File \"C:\\Users\\apichugina\\PycharmProjects\\practicum.yandex\\Diplom\\Diplom_3\\.venv\\lib\\site-packages\\selenium\\webdriver\\remote\\webdriver.py\", line 354, in execute\n    self.error_handler.check_response(response)\n  File \"C:\\Users\\apichugina\\PycharmProjects\\practicum.yandex\\Diplom\\Diplom_3\\.venv\\lib\\site-packages\\selenium\\webdriver\\remote\\errorhandler.py\", line 229, in check_response\n    raise exception_class(message, screen, stacktrace)\n"}, "parameters": [{"name": "locator", "value": "('xpath', '//button[contains(text(),\"Оформить заказ\")]')"}], "start": 1738325604893, "stop": 1738325659616}], "start": 1738325604893, "stop": 1738325659616}], "start": 1738325600821, "stop": 1738325659622}], "start": 1738325600821, "stop": 1738325659851}