{"uuid": "89e96520-d12f-4a60-b4ed-f4fb3c9c32f3", "children": ["a2040505-e2bb-4637-b905-1515d188b851"], "befores": [{"name": "authorization", "status": "broken", "statusDetails": {"message": "selenium.common.exceptions.WebDriverException: Message: TypeError: browsingContext.currentWindowGlobal is null\nStacktrace:\ngetMarionetteCommandsActorProxy/get/<@chrome://remote/content/marionette/actors/MarionetteCommandsParent.sys.mjs:410:17\n\n", "trace": "  File \"C:\\Users\\apichugina\\PycharmProjects\\practicum.yandex\\Diplom\\Diplom_3\\.venv\\lib\\site-packages\\pluggy\\_callers.py\", line 167, in _multicall\n    teardown.throw(outcome._exception)\n  File \"C:\\Users\\apichugina\\PycharmProjects\\practicum.yandex\\Diplom\\Diplom_3\\.venv\\lib\\site-packages\\_pytest\\setuponly.py\", line 36, in pytest_fixture_setup\n    return (yield)\n  File \"C:\\Users\\apichugina\\PycharmProjects\\practicum.yandex\\Diplom\\Diplom_3\\.venv\\lib\\site-packages\\pluggy\\_callers.py\", line 103, in _multicall\n    res = hook_impl.function(*args)\n  File \"C:\\Users\\apichugina\\PycharmProjects\\practicum.yandex\\Diplom\\Diplom_3\\.venv\\lib\\site-packages\\_pytest\\fixtures.py\", line 1140, in pytest_fixture_setup\n    result = call_fixture_func(fixturefunc, request, kwargs)\n  File \"C:\\Users\\apichugina\\PycharmProjects\\practicum.yandex\\Diplom\\Diplom_3\\.venv\\lib\\site-packages\\_pytest\\fixtures.py\", line 898, in call_fixture_func\n    fixture_result = fixturefunc(**kwargs)\n  File \"C:\\Users\\apichugina\\PycharmProjects\\practicum.yandex\\Diplom\\Diplom_3\\tests\\conftest.py\", line 47, in authorization\n    login_page.check_order()\n  File \"C:\\Users\\apichugina\\PycharmProjects\\practicum.yandex\\Diplom\\Diplom_3\\.venv\\lib\\site-packages\\allure_commons\\_allure.py\", line 192, in impl\n    return func(*a, **kw)\n  File \"C:\\Users\\apichugina\\PycharmProjects\\practicum.yandex\\Diplom\\Diplom_3\\page\\login_page.py\", line 34, in check_order\n    return self.wait_and_find_element(PLACE_ORDER_BUTTON)\n  File \"C:\\Users\\apichugina\\PycharmProjects\\practicum.yandex\\Diplom\\Diplom_3\\.venv\\lib\\site-packages\\allure_commons\\_allure.py\", line 192, in impl\n    return func(*a, **kw)\n  File \"C:\\Users\\apichugina\\PycharmProjects\\practicum.yandex\\Diplom\\Diplom_3\\page\\main_page.py\", line 25, in wait_and_find_element\n    WebDriverWait(self.driver, 200).until(\n  File \"C:\\Users\\apichugina\\PycharmProjects\\practicum.yandex\\Diplom\\Diplom_3\\.venv\\lib\\site-packages\\selenium\\webdriver\\support\\wait.py\", line 96, in until\n    value = method(self._driver)\n  File \"C:\\Users\\apichugina\\PycharmProjects\\practicum.yandex\\Diplom\\Diplom_3\\.venv\\lib\\site-packages\\selenium\\webdriver\\support\\expected_conditions.py\", line 363, in _predicate\n    target = driver.find_element(*target)  # grab element at locator\n  File \"C:\\Users\\apichugina\\PycharmProjects\\practicum.yandex\\Diplom\\Diplom_3\\.venv\\lib\\site-packages\\selenium\\webdriver\\remote\\webdriver.py\", line 748, in find_element\n    return self.execute(Command.FIND_ELEMENT, {\"using\": by, \"value\": value})[\"value\"]\n  File \"C:\\Users\\apichugina\\PycharmProjects\\practicum.yandex\\Diplom\\Diplom_3\\.venv\\lib\\site-packages\\selenium\\webdriver\\remote\\webdriver.py\", line 354, in execute\n    self.error_handler.check_response(response)\n  File \"C:\\Users\\apichugina\\PycharmProjects\\practicum.yandex\\Diplom\\Diplom_3\\.venv\\lib\\site-packages\\selenium\\webdriver\\remote\\errorhandler.py\", line 229, in check_response\n    raise exception_class(message, screen, stacktrace)\n"}, "steps": [{"name": "Открыть страницу Войти", "status": "passed", "steps": [{"name": "Ждать исчезновения элемента", "status": "passed", "parameters": [{"name": "locator", "value": "('xpath', '//div[contains(@class,\"Modal_modal__loading__\")]')"}], "start": 1738326228980, "stop": 1738326232010}], "start": 1738326228420, "stop": 1738326232010}, {"name": "# Заполнить поле Email", "status": "passed", "steps": [{"name": "Получить кликабельный элемент", "status": "passed", "parameters": [{"name": "locator", "value": "('xpath', '//input[@name=\"name\"]')"}], "start": 1738326232010, "stop": 1738326232031}], "parameters": [{"name": "email", "value": "'aharris@example.org'"}], "start": 1738326232010, "stop": 1738326232080}, {"name": "Заполнить поле Пароль", "status": "passed", "steps": [{"name": "Получить кликабельный элемент", "status": "passed", "parameters": [{"name": "locator", "value": "('xpath', '//input[@type=\"password\"]')"}], "start": 1738326232080, "stop": 1738326232092}], "parameters": [{"name": "password", "value": "'#&@0FzYt8f'"}], "start": 1738326232080, "stop": 1738326232110}, {"name": "Нажать кнопку Войти", "status": "passed", "steps": [{"name": "Получить кликабельный элемент", "status": "passed", "parameters": [{"name": "locator", "value": "('xpath', '//button[contains(text(),\"Войти\")]')"}], "start": 1738326232110, "stop": 1738326232130}], "start": 1738326232110, "stop": 1738326232350}, {"name": "Ожидание кнопки Оформить заказ", "status": "broken", "statusDetails": {"message": "selenium.common.exceptions.WebDriverException: Message: TypeError: browsingContext.currentWindowGlobal is null\nStacktrace:\ngetMarionetteCommandsActorProxy/get/<@chrome://remote/content/marionette/actors/MarionetteCommandsParent.sys.mjs:410:17\n\n", "trace": "  File \"C:\\Users\\apichugina\\PycharmProjects\\practicum.yandex\\Diplom\\Diplom_3\\.venv\\lib\\site-packages\\allure_commons\\_allure.py\", line 192, in impl\n    return func(*a, **kw)\n  File \"C:\\Users\\apichugina\\PycharmProjects\\practicum.yandex\\Diplom\\Diplom_3\\page\\login_page.py\", line 34, in check_order\n    return self.wait_and_find_element(PLACE_ORDER_BUTTON)\n  File \"C:\\Users\\apichugina\\PycharmProjects\\practicum.yandex\\Diplom\\Diplom_3\\.venv\\lib\\site-packages\\allure_commons\\_allure.py\", line 192, in impl\n    return func(*a, **kw)\n  File \"C:\\Users\\apichugina\\PycharmProjects\\practicum.yandex\\Diplom\\Diplom_3\\page\\main_page.py\", line 25, in wait_and_find_element\n    WebDriverWait(self.driver, 200).until(\n  File \"C:\\Users\\apichugina\\PycharmProjects\\practicum.yandex\\Diplom\\Diplom_3\\.venv\\lib\\site-packages\\selenium\\webdriver\\support\\wait.py\", line 96, in until\n    value = method(self._driver)\n  File \"C:\\Users\\apichugina\\PycharmProjects\\practicum.yandex\\Diplom\\Diplom_3\\.venv\\lib\\site-packages\\selenium\\webdriver\\support\\expected_conditions.py\", line 363, in _predicate\n    target = driver.find_element(*target)  # grab element at locator\n  File \"C:\\Users\\apichugina\\PycharmProjects\\practicum.yandex\\Diplom\\Diplom_3\\.venv\\lib\\site-packages\\selenium\\webdriver\\remote\\webdriver.py\", line 748, in find_element\n    return self.execute(Command.FIND_ELEMENT, {\"using\": by, \"value\": value})[\"value\"]\n  File \"C:\\Users\\apichugina\\PycharmProjects\\practicum.yandex\\Diplom\\Diplom_3\\.venv\\lib\\site-packages\\selenium\\webdriver\\remote\\webdriver.py\", line 354, in execute\n    self.error_handler.check_response(response)\n  File \"C:\\Users\\apichugina\\PycharmProjects\\practicum.yandex\\Diplom\\Diplom_3\\.venv\\lib\\site-packages\\selenium\\webdriver\\remote\\errorhandler.py\", line 229, in check_response\n    raise exception_class(message, screen, stacktrace)\n"}, "steps": [{"name": "Получить кликабельный элемент", "status": "broken", "statusDetails": {"message": "selenium.common.exceptions.WebDriverException: Message: TypeError: browsingContext.currentWindowGlobal is null\nStacktrace:\ngetMarionetteCommandsActorProxy/get/<@chrome://remote/content/marionette/actors/MarionetteCommandsParent.sys.mjs:410:17\n\n", "trace": "  File \"C:\\Users\\apichugina\\PycharmProjects\\practicum.yandex\\Diplom\\Diplom_3\\.venv\\lib\\site-packages\\allure_commons\\_allure.py\", line 192, in impl\n    return func(*a, **kw)\n  File \"C:\\Users\\apichugina\\PycharmProjects\\practicum.yandex\\Diplom\\Diplom_3\\page\\main_page.py\", line 25, in wait_and_find_element\n    WebDriverWait(self.driver, 200).until(\n  File \"C:\\Users\\apichugina\\PycharmProjects\\practicum.yandex\\Diplom\\Diplom_3\\.venv\\lib\\site-packages\\selenium\\webdriver\\support\\wait.py\", line 96, in until\n    value = method(self._driver)\n  File \"C:\\Users\\apichugina\\PycharmProjects\\practicum.yandex\\Diplom\\Diplom_3\\.venv\\lib\\site-packages\\selenium\\webdriver\\support\\expected_conditions.py\", line 363, in _predicate\n    target = driver.find_element(*target)  # grab element at locator\n  File \"C:\\Users\\apichugina\\PycharmProjects\\practicum.yandex\\Diplom\\Diplom_3\\.venv\\lib\\site-packages\\selenium\\webdriver\\remote\\webdriver.py\", line 748, in find_element\n    return self.execute(Command.FIND_ELEMENT, {\"using\": by, \"value\": value})[\"value\"]\n  File \"C:\\Users\\apichugina\\PycharmProjects\\practicum.yandex\\Diplom\\Diplom_3\\.venv\\lib\\site-packages\\selenium\\webdriver\\remote\\webdriver.py\", line 354, in execute\n    self.error_handler.check_response(response)\n  File \"C:\\Users\\apichugina\\PycharmProjects\\practicum.yandex\\Diplom\\Diplom_3\\.venv\\lib\\site-packages\\selenium\\webdriver\\remote\\errorhandler.py\", line 229, in check_response\n    raise exception_class(message, screen, stacktrace)\n"}, "parameters": [{"name": "locator", "value": "('xpath', '//button[contains(text(),\"Оформить заказ\")]')"}], "start": 1738326232350, "stop": 1738326317260}], "start": 1738326232350, "stop": 1738326317265}], "start": 1738326228420, "stop": 1738326317265}], "start": 1738326228420, "stop": 1738326317500}